2018-03-12 14:42:43.588  INFO 4920 --- [main] org.openmhealth.shimmer.Application      : Starting Application on DESKTOP-93LEVSV with PID 4920 (C:\Users\alexa\Documents\Repos\shimmer\shim-server\build\classes\java\main started by alexa in C:\Users\alexa\Documents\Repos\shimmer\shim-server)
2018-03-12 14:42:43.594  INFO 4920 --- [main] org.openmhealth.shimmer.Application      : No active profile set, falling back to default profiles: default
2018-03-12 14:42:43.751  INFO 4920 --- [main] ationConfigEmbeddedWebApplicationContext : Refreshing org.springframework.boot.context.embedded.AnnotationConfigEmbeddedWebApplicationContext@4ec4f3a0: startup date [Mon Mar 12 14:42:43 CET 2018]; root of context hierarchy
2018-03-12 14:42:46.205  INFO 4920 --- [main] trationDelegate$BeanPostProcessorChecker : Bean 'validationConfiguration' of type [org.openmhealth.shimmer.common.configuration.ValidationConfiguration$$EnhancerBySpringCGLIB$$3b902afe] is not eligible for getting processed by all BeanPostProcessors (for example: not eligible for auto-proxying)
2018-03-12 14:42:46.347  INFO 4920 --- [main] trationDelegate$BeanPostProcessorChecker : Bean 'localValidatorFactoryBean' of type [org.springframework.validation.beanvalidation.LocalValidatorFactoryBean] is not eligible for getting processed by all BeanPostProcessors (for example: not eligible for auto-proxying)
2018-03-12 14:42:46.815  INFO 4920 --- [main] org.eclipse.jetty.util.log               : Logging initialized @5902ms to org.eclipse.jetty.util.log.Slf4jLog
2018-03-12 14:42:47.320  INFO 4920 --- [main] e.j.JettyEmbeddedServletContainerFactory : Server initialized with port: 8083
2018-03-12 14:42:47.325  INFO 4920 --- [main] org.eclipse.jetty.server.Server          : jetty-9.4.6.v20170531
2018-03-12 14:42:47.547  INFO 4920 --- [main] org.eclipse.jetty.server.session         : DefaultSessionIdManager workerName=node0
2018-03-12 14:42:47.547  INFO 4920 --- [main] org.eclipse.jetty.server.session         : No SessionScavenger set, using defaults
2018-03-12 14:42:47.556  INFO 4920 --- [main] org.eclipse.jetty.server.session         : Scavenging every 660000ms
2018-03-12 14:42:47.566  INFO 4920 --- [main] o.e.j.s.h.ContextHandler.application     : Initializing Spring embedded WebApplicationContext
2018-03-12 14:42:47.568  INFO 4920 --- [main] o.s.web.context.ContextLoader            : Root WebApplicationContext: initialization completed in 3822 ms
2018-03-12 14:42:48.080  INFO 4920 --- [main] o.s.b.w.servlet.FilterRegistrationBean   : Mapping filter: 'characterEncodingFilter' to: [/*]
2018-03-12 14:42:48.080  INFO 4920 --- [main] o.s.b.w.servlet.FilterRegistrationBean   : Mapping filter: 'hiddenHttpMethodFilter' to: [/*]
2018-03-12 14:42:48.081  INFO 4920 --- [main] o.s.b.w.servlet.FilterRegistrationBean   : Mapping filter: 'httpPutFormContentFilter' to: [/*]
2018-03-12 14:42:48.083  INFO 4920 --- [main] o.s.b.w.servlet.FilterRegistrationBean   : Mapping filter: 'requestContextFilter' to: [/*]
2018-03-12 14:42:48.085  INFO 4920 --- [main] .s.DelegatingFilterProxyRegistrationBean : Mapping filter: 'springSecurityFilterChain' to: [/*]
2018-03-12 14:42:48.086  INFO 4920 --- [main] o.s.b.w.servlet.ServletRegistrationBean  : Mapping servlet: 'dispatcherServlet' to [/]
2018-03-12 14:42:48.095  INFO 4920 --- [main] o.e.jetty.server.handler.ContextHandler  : Started o.s.b.c.e.j.JettyEmbeddedWebAppContext@507d20bb{/,[file:///C:/Users/alexa/AppData/Local/Temp/jetty-docbase.823487815163860110.8083/],AVAILABLE}
2018-03-12 14:42:48.098  INFO 4920 --- [main] org.eclipse.jetty.server.Server          : Started @7188ms
2018-03-12 14:42:49.667  INFO 4920 --- [main] org.mongodb.driver.cluster               : Cluster created with settings {hosts=[omh:27017], mode=SINGLE, requiredClusterType=UNKNOWN, serverSelectionTimeout='30000 ms', maxWaitQueueSize=500}
2018-03-12 14:42:50.566  WARN 4920 --- [main] figurationPropertiesBindingPostProcessor : The @ConfigurationProperties bean class org.openmhealth.shim.ihealth.IHealthClientSettings contains validation constraints but had not been annotated with @Validated.
2018-03-12 14:42:50.569  WARN 4920 --- [main] figurationPropertiesBindingPostProcessor : The @ConfigurationProperties bean class org.openmhealth.shim.ihealth.IHealthClientSettings contains validation constraints but had not been annotated with @Validated.
2018-03-12 14:42:50.571  WARN 4920 --- [main] figurationPropertiesBindingPostProcessor : The @ConfigurationProperties bean class org.openmhealth.shim.ihealth.IHealthClientSettings contains validation constraints but had not been annotated with @Validated.
2018-03-12 14:42:51.343  INFO 4920 --- [main] b.a.s.AuthenticationManagerConfiguration : 

Using default security password: ba77b9ae-3537-4280-94fb-a677642d91f6

2018-03-12 14:42:51.605  INFO 4920 --- [main] o.s.s.web.DefaultSecurityFilterChain     : Creating filter chain: org.springframework.security.web.util.matcher.AnyRequestMatcher@1, [org.springframework.security.web.context.request.async.WebAsyncManagerIntegrationFilter@e3b0369, org.springframework.security.web.context.SecurityContextPersistenceFilter@28157173, org.springframework.security.web.header.HeaderWriterFilter@5fcd1f0a, org.springframework.security.web.authentication.logout.LogoutFilter@7bbfc5ff, org.springframework.security.web.savedrequest.RequestCacheAwareFilter@2251b3bc, org.springframework.security.web.servletapi.SecurityContextHolderAwareRequestFilter@4130a648, org.springframework.security.web.authentication.AnonymousAuthenticationFilter@45843650, org.springframework.security.web.session.SessionManagementFilter@73894c5a, org.springframework.security.web.access.ExceptionTranslationFilter@4c302f38, org.springframework.security.web.access.intercept.FilterSecurityInterceptor@fd413fb]
2018-03-12 14:42:52.548  INFO 4920 --- [cluster-ClusterId{value='5aa683d9500fe11338810831', description='null'}-omh:27017] org.mongodb.driver.cluster               : Exception in monitor thread while connecting to server omh:27017

com.mongodb.MongoSocketException: omh
	at com.mongodb.ServerAddress.getSocketAddress(ServerAddress.java:188)
	at com.mongodb.connection.SocketStreamHelper.initialize(SocketStreamHelper.java:57)
	at com.mongodb.connection.SocketStream.open(SocketStream.java:58)
	at com.mongodb.connection.InternalStreamConnection.open(InternalStreamConnection.java:115)
	at com.mongodb.connection.DefaultServerMonitor$ServerMonitorRunnable.run(DefaultServerMonitor.java:113)
	at java.lang.Thread.run(Thread.java:748)
Caused by: java.net.UnknownHostException: omh
	at java.net.Inet6AddressImpl.lookupAllHostAddr(Native Method)
	at java.net.InetAddress$2.lookupAllHostAddr(InetAddress.java:928)
	at java.net.InetAddress.getAddressesFromNameService(InetAddress.java:1323)
	at java.net.InetAddress.getAllByName0(InetAddress.java:1276)
	at java.net.InetAddress.getAllByName(InetAddress.java:1192)
	at java.net.InetAddress.getAllByName(InetAddress.java:1126)
	at java.net.InetAddress.getByName(InetAddress.java:1076)
	at com.mongodb.ServerAddress.getSocketAddress(ServerAddress.java:186)
	... 5 common frames omitted

2018-03-12 14:42:53.583  INFO 4920 --- [main] s.w.s.m.m.a.RequestMappingHandlerAdapter : Looking for @ControllerAdvice: org.springframework.boot.context.embedded.AnnotationConfigEmbeddedWebApplicationContext@4ec4f3a0: startup date [Mon Mar 12 14:42:43 CET 2018]; root of context hierarchy
2018-03-12 14:42:54.218  INFO 4920 --- [main] s.w.s.m.m.a.RequestMappingHandlerMapping : Mapped "{[/dataPoints],methods=[GET],produces=[application/json]}" onto public org.springframework.http.ResponseEntity<org.openmhealth.shimmer.common.domain.DataPointSearchResult> org.openmhealth.shimmer.common.controller.DataPointSearchController.findDataPoints(java.lang.String,java.lang.String,java.time.OffsetDateTime,java.time.OffsetDateTime,java.time.OffsetDateTime,java.time.OffsetDateTime,java.lang.String,java.lang.String,org.springframework.security.core.Authentication)
2018-03-12 14:42:54.228  INFO 4920 --- [main] s.w.s.m.m.a.RequestMappingHandlerMapping : Mapped "{[/authorize/{shim}],produces=[application/json]}" onto public org.openmhealth.shim.AuthorizationRequestParameters org.openmhealth.shimmer.common.controller.LegacyAuthorizationController.initiateAuthorization(java.lang.String,java.lang.String,java.lang.String) throws org.openmhealth.shim.ShimException
2018-03-12 14:42:54.243  INFO 4920 --- [main] s.w.s.m.m.a.RequestMappingHandlerMapping : Mapped "{[/deauthorize/{shim}],methods=[DELETE],produces=[application/json]}" onto public org.springframework.http.ResponseEntity<?> org.openmhealth.shimmer.common.controller.LegacyAuthorizationController.removeAuthorization(java.lang.String,java.lang.String) throws org.openmhealth.shim.ShimException
2018-03-12 14:42:54.247  INFO 4920 --- [main] s.w.s.m.m.a.RequestMappingHandlerMapping : Mapped "{[/authorizations],produces=[application/json]}" onto public java.util.List<java.util.Map<java.lang.String, java.lang.Object>> org.openmhealth.shimmer.common.controller.LegacyAuthorizationController.authorizations(java.lang.String) throws org.openmhealth.shim.ShimException
2018-03-12 14:42:54.247  INFO 4920 --- [main] s.w.s.m.m.a.RequestMappingHandlerMapping : Mapped "{[/authorize/{shim}/callback],methods=[POST || GET],produces=[application/json]}" onto public org.springframework.http.ResponseEntity<org.openmhealth.shim.AuthorizationResponse> org.openmhealth.shimmer.common.controller.LegacyAuthorizationController.processRedirect(java.lang.String,java.lang.String,javax.servlet.http.HttpServletRequest,javax.servlet.http.HttpServletResponse) throws org.openmhealth.shim.ShimException
2018-03-12 14:42:54.248  INFO 4920 --- [main] s.w.s.m.m.a.RequestMappingHandlerMapping : Mapped "{[/data/{shim}/{dataType}],produces=[application/json]}" onto public org.openmhealth.shim.ShimDataResponse org.openmhealth.shimmer.common.controller.LegacyDataPointSearchController.data(java.lang.String,java.lang.String,java.lang.String,boolean,java.lang.String,java.lang.String) throws org.openmhealth.shim.ShimException
2018-03-12 14:42:54.255  INFO 4920 --- [main] s.w.s.m.m.a.RequestMappingHandlerMapping : Mapped "{[/error]}" onto public org.springframework.http.ResponseEntity<java.util.Map<java.lang.String, java.lang.Object>> org.springframework.boot.autoconfigure.web.BasicErrorController.error(javax.servlet.http.HttpServletRequest)
2018-03-12 14:42:54.258  INFO 4920 --- [main] s.w.s.m.m.a.RequestMappingHandlerMapping : Mapped "{[/error],produces=[text/html]}" onto public org.springframework.web.servlet.ModelAndView org.springframework.boot.autoconfigure.web.BasicErrorController.errorHtml(javax.servlet.http.HttpServletRequest,javax.servlet.http.HttpServletResponse)
2018-03-12 14:42:54.341  INFO 4920 --- [main] o.s.w.s.handler.SimpleUrlHandlerMapping  : Mapped URL path [/webjars/**] onto handler of type [class org.springframework.web.servlet.resource.ResourceHttpRequestHandler]
2018-03-12 14:42:54.342  INFO 4920 --- [main] o.s.w.s.handler.SimpleUrlHandlerMapping  : Mapped URL path [/**] onto handler of type [class org.springframework.web.servlet.resource.ResourceHttpRequestHandler]
2018-03-12 14:42:54.417  INFO 4920 --- [main] o.s.w.s.handler.SimpleUrlHandlerMapping  : Mapped URL path [/**/favicon.ico] onto handler of type [class org.springframework.web.servlet.resource.ResourceHttpRequestHandler]
2018-03-12 14:42:54.698  INFO 4920 --- [main] o.s.j.e.a.AnnotationMBeanExporter        : Registering beans for JMX exposure on startup
2018-03-12 14:42:54.728  INFO 4920 --- [main] o.e.j.s.h.ContextHandler.application     : Initializing Spring FrameworkServlet 'dispatcherServlet'
2018-03-12 14:42:54.729  INFO 4920 --- [main] o.s.web.servlet.DispatcherServlet        : FrameworkServlet 'dispatcherServlet': initialization started
2018-03-12 14:42:54.750  INFO 4920 --- [main] o.s.web.servlet.DispatcherServlet        : FrameworkServlet 'dispatcherServlet': initialization completed in 21 ms
2018-03-12 14:42:54.815  INFO 4920 --- [main] o.e.jetty.server.AbstractConnector       : Started ServerConnector@9fec931{HTTP/1.1,[http/1.1]}{0.0.0.0:8083}
2018-03-12 14:42:54.816  INFO 4920 --- [main] .s.b.c.e.j.JettyEmbeddedServletContainer : Jetty started on port(s) 8083 (http/1.1)
2018-03-12 14:42:54.824  INFO 4920 --- [main] org.openmhealth.shimmer.Application      : Started Application in 11.79 seconds (JVM running for 13.913)
2018-03-12 14:51:33.752  INFO 3404 --- [main] org.openmhealth.shimmer.Application      : Starting Application on DESKTOP-93LEVSV with PID 3404 (C:\Users\alexa\Documents\Repos\shimmer\shim-server\build\classes\java\main started by alexa in C:\Users\alexa\Documents\Repos\shimmer\shim-server)
2018-03-12 14:51:33.757  INFO 3404 --- [main] org.openmhealth.shimmer.Application      : No active profile set, falling back to default profiles: default
2018-03-12 14:51:33.871  INFO 3404 --- [main] ationConfigEmbeddedWebApplicationContext : Refreshing org.springframework.boot.context.embedded.AnnotationConfigEmbeddedWebApplicationContext@4ec4f3a0: startup date [Mon Mar 12 14:51:33 CET 2018]; root of context hierarchy
2018-03-12 14:51:36.011  INFO 3404 --- [main] trationDelegate$BeanPostProcessorChecker : Bean 'validationConfiguration' of type [org.openmhealth.shimmer.common.configuration.ValidationConfiguration$$EnhancerBySpringCGLIB$$6845097] is not eligible for getting processed by all BeanPostProcessors (for example: not eligible for auto-proxying)
2018-03-12 14:51:36.147  INFO 3404 --- [main] trationDelegate$BeanPostProcessorChecker : Bean 'localValidatorFactoryBean' of type [org.springframework.validation.beanvalidation.LocalValidatorFactoryBean] is not eligible for getting processed by all BeanPostProcessors (for example: not eligible for auto-proxying)
2018-03-12 14:51:36.460  INFO 3404 --- [main] org.eclipse.jetty.util.log               : Logging initialized @5628ms to org.eclipse.jetty.util.log.Slf4jLog
2018-03-12 14:51:36.804  INFO 3404 --- [main] e.j.JettyEmbeddedServletContainerFactory : Server initialized with port: 8083
2018-03-12 14:51:36.807  INFO 3404 --- [main] org.eclipse.jetty.server.Server          : jetty-9.4.6.v20170531
2018-03-12 14:51:36.994  INFO 3404 --- [main] org.eclipse.jetty.server.session         : DefaultSessionIdManager workerName=node0
2018-03-12 14:51:36.995  INFO 3404 --- [main] org.eclipse.jetty.server.session         : No SessionScavenger set, using defaults
2018-03-12 14:51:36.999  INFO 3404 --- [main] org.eclipse.jetty.server.session         : Scavenging every 660000ms
2018-03-12 14:51:37.008  INFO 3404 --- [main] o.e.j.s.h.ContextHandler.application     : Initializing Spring embedded WebApplicationContext
2018-03-12 14:51:37.009  INFO 3404 --- [main] o.s.web.context.ContextLoader            : Root WebApplicationContext: initialization completed in 3141 ms
2018-03-12 14:51:37.283  INFO 3404 --- [main] o.s.b.w.servlet.FilterRegistrationBean   : Mapping filter: 'characterEncodingFilter' to: [/*]
2018-03-12 14:51:37.284  INFO 3404 --- [main] o.s.b.w.servlet.FilterRegistrationBean   : Mapping filter: 'hiddenHttpMethodFilter' to: [/*]
2018-03-12 14:51:37.284  INFO 3404 --- [main] o.s.b.w.servlet.FilterRegistrationBean   : Mapping filter: 'httpPutFormContentFilter' to: [/*]
2018-03-12 14:51:37.286  INFO 3404 --- [main] o.s.b.w.servlet.FilterRegistrationBean   : Mapping filter: 'requestContextFilter' to: [/*]
2018-03-12 14:51:37.288  INFO 3404 --- [main] .s.DelegatingFilterProxyRegistrationBean : Mapping filter: 'springSecurityFilterChain' to: [/*]
2018-03-12 14:51:37.289  INFO 3404 --- [main] o.s.b.w.servlet.ServletRegistrationBean  : Mapping servlet: 'dispatcherServlet' to [/]
2018-03-12 14:51:37.297  INFO 3404 --- [main] o.e.jetty.server.handler.ContextHandler  : Started o.s.b.c.e.j.JettyEmbeddedWebAppContext@7d0cc890{/,[file:///C:/Users/alexa/AppData/Local/Temp/jetty-docbase.3774220051753623996.8083/],AVAILABLE}
2018-03-12 14:51:37.298  INFO 3404 --- [main] org.eclipse.jetty.server.Server          : Started @6468ms
2018-03-12 14:51:38.716  INFO 3404 --- [main] org.mongodb.driver.cluster               : Cluster created with settings {hosts=[mongo:27017], mode=SINGLE, requiredClusterType=UNKNOWN, serverSelectionTimeout='30000 ms', maxWaitQueueSize=500}
2018-03-12 14:51:39.325  WARN 3404 --- [main] figurationPropertiesBindingPostProcessor : The @ConfigurationProperties bean class org.openmhealth.shim.ihealth.IHealthClientSettings contains validation constraints but had not been annotated with @Validated.
2018-03-12 14:51:39.325  WARN 3404 --- [main] figurationPropertiesBindingPostProcessor : The @ConfigurationProperties bean class org.openmhealth.shim.ihealth.IHealthClientSettings contains validation constraints but had not been annotated with @Validated.
2018-03-12 14:51:39.326  WARN 3404 --- [main] figurationPropertiesBindingPostProcessor : The @ConfigurationProperties bean class org.openmhealth.shim.ihealth.IHealthClientSettings contains validation constraints but had not been annotated with @Validated.
2018-03-12 14:51:39.749  INFO 3404 --- [main] b.a.s.AuthenticationManagerConfiguration : 

Using default security password: ddb72dc5-a1ed-4288-92f0-c478cd33ec7b

2018-03-12 14:51:39.968  INFO 3404 --- [main] o.s.s.web.DefaultSecurityFilterChain     : Creating filter chain: org.springframework.security.web.util.matcher.AnyRequestMatcher@1, [org.springframework.security.web.context.request.async.WebAsyncManagerIntegrationFilter@15a3b42, org.springframework.security.web.context.SecurityContextPersistenceFilter@15d0d6c9, org.springframework.security.web.header.HeaderWriterFilter@799f916e, org.springframework.security.web.authentication.logout.LogoutFilter@5f8d9767, org.springframework.security.web.savedrequest.RequestCacheAwareFilter@7741d346, org.springframework.security.web.servletapi.SecurityContextHolderAwareRequestFilter@3e33b52e, org.springframework.security.web.authentication.AnonymousAuthenticationFilter@52c9d3d0, org.springframework.security.web.session.SessionManagementFilter@2251b3bc, org.springframework.security.web.access.ExceptionTranslationFilter@5fcd1f0a, org.springframework.security.web.access.intercept.FilterSecurityInterceptor@64bebd55]
2018-03-12 14:51:40.334  INFO 3404 --- [main] s.w.s.m.m.a.RequestMappingHandlerAdapter : Looking for @ControllerAdvice: org.springframework.boot.context.embedded.AnnotationConfigEmbeddedWebApplicationContext@4ec4f3a0: startup date [Mon Mar 12 14:51:33 CET 2018]; root of context hierarchy
2018-03-12 14:51:40.415  INFO 3404 --- [main] s.w.s.m.m.a.RequestMappingHandlerMapping : Mapped "{[/dataPoints],methods=[GET],produces=[application/json]}" onto public org.springframework.http.ResponseEntity<org.openmhealth.shimmer.common.domain.DataPointSearchResult> org.openmhealth.shimmer.common.controller.DataPointSearchController.findDataPoints(java.lang.String,java.lang.String,java.time.OffsetDateTime,java.time.OffsetDateTime,java.time.OffsetDateTime,java.time.OffsetDateTime,java.lang.String,java.lang.String,org.springframework.security.core.Authentication)
2018-03-12 14:51:40.417  INFO 3404 --- [main] s.w.s.m.m.a.RequestMappingHandlerMapping : Mapped "{[/authorize/{shim}/callback],methods=[POST || GET],produces=[application/json]}" onto public org.springframework.http.ResponseEntity<org.openmhealth.shim.AuthorizationResponse> org.openmhealth.shimmer.common.controller.LegacyAuthorizationController.processRedirect(java.lang.String,java.lang.String,javax.servlet.http.HttpServletRequest,javax.servlet.http.HttpServletResponse) throws org.openmhealth.shim.ShimException
2018-03-12 14:51:40.419  INFO 3404 --- [main] s.w.s.m.m.a.RequestMappingHandlerMapping : Mapped "{[/authorizations],produces=[application/json]}" onto public java.util.List<java.util.Map<java.lang.String, java.lang.Object>> org.openmhealth.shimmer.common.controller.LegacyAuthorizationController.authorizations(java.lang.String) throws org.openmhealth.shim.ShimException
2018-03-12 14:51:40.420  INFO 3404 --- [main] s.w.s.m.m.a.RequestMappingHandlerMapping : Mapped "{[/authorize/{shim}],produces=[application/json]}" onto public org.openmhealth.shim.AuthorizationRequestParameters org.openmhealth.shimmer.common.controller.LegacyAuthorizationController.initiateAuthorization(java.lang.String,java.lang.String,java.lang.String) throws org.openmhealth.shim.ShimException
2018-03-12 14:51:40.423  INFO 3404 --- [main] s.w.s.m.m.a.RequestMappingHandlerMapping : Mapped "{[/deauthorize/{shim}],methods=[DELETE],produces=[application/json]}" onto public org.springframework.http.ResponseEntity<?> org.openmhealth.shimmer.common.controller.LegacyAuthorizationController.removeAuthorization(java.lang.String,java.lang.String) throws org.openmhealth.shim.ShimException
2018-03-12 14:51:40.425  INFO 3404 --- [main] s.w.s.m.m.a.RequestMappingHandlerMapping : Mapped "{[/data/{shim}/{dataType}],produces=[application/json]}" onto public org.openmhealth.shim.ShimDataResponse org.openmhealth.shimmer.common.controller.LegacyDataPointSearchController.data(java.lang.String,java.lang.String,java.lang.String,boolean,java.lang.String,java.lang.String) throws org.openmhealth.shim.ShimException
2018-03-12 14:51:40.429  INFO 3404 --- [main] s.w.s.m.m.a.RequestMappingHandlerMapping : Mapped "{[/error]}" onto public org.springframework.http.ResponseEntity<java.util.Map<java.lang.String, java.lang.Object>> org.springframework.boot.autoconfigure.web.BasicErrorController.error(javax.servlet.http.HttpServletRequest)
2018-03-12 14:51:40.429  INFO 3404 --- [main] s.w.s.m.m.a.RequestMappingHandlerMapping : Mapped "{[/error],produces=[text/html]}" onto public org.springframework.web.servlet.ModelAndView org.springframework.boot.autoconfigure.web.BasicErrorController.errorHtml(javax.servlet.http.HttpServletRequest,javax.servlet.http.HttpServletResponse)
2018-03-12 14:51:40.485  INFO 3404 --- [main] o.s.w.s.handler.SimpleUrlHandlerMapping  : Mapped URL path [/webjars/**] onto handler of type [class org.springframework.web.servlet.resource.ResourceHttpRequestHandler]
2018-03-12 14:51:40.486  INFO 3404 --- [main] o.s.w.s.handler.SimpleUrlHandlerMapping  : Mapped URL path [/**] onto handler of type [class org.springframework.web.servlet.resource.ResourceHttpRequestHandler]
2018-03-12 14:51:40.583  INFO 3404 --- [main] o.s.w.s.handler.SimpleUrlHandlerMapping  : Mapped URL path [/**/favicon.ico] onto handler of type [class org.springframework.web.servlet.resource.ResourceHttpRequestHandler]
2018-03-12 14:51:40.839  INFO 3404 --- [main] o.s.j.e.a.AnnotationMBeanExporter        : Registering beans for JMX exposure on startup
2018-03-12 14:51:40.865  INFO 3404 --- [main] o.e.j.s.h.ContextHandler.application     : Initializing Spring FrameworkServlet 'dispatcherServlet'
2018-03-12 14:51:40.865  INFO 3404 --- [main] o.s.web.servlet.DispatcherServlet        : FrameworkServlet 'dispatcherServlet': initialization started
2018-03-12 14:51:40.883  INFO 3404 --- [main] o.s.web.servlet.DispatcherServlet        : FrameworkServlet 'dispatcherServlet': initialization completed in 18 ms
2018-03-12 14:51:40.934  INFO 3404 --- [main] o.e.jetty.server.AbstractConnector       : Started ServerConnector@49293b43{HTTP/1.1,[http/1.1]}{0.0.0.0:8083}
2018-03-12 14:51:40.935  INFO 3404 --- [main] .s.b.c.e.j.JettyEmbeddedServletContainer : Jetty started on port(s) 8083 (http/1.1)
2018-03-12 14:51:40.943  INFO 3404 --- [main] org.openmhealth.shimmer.Application      : Started Application in 7.687 seconds (JVM running for 10.113)
2018-03-12 14:51:41.099  INFO 3404 --- [cluster-ClusterId{value='5aa685ea500fe10d4c76b21d', description='null'}-mongo:27017] org.mongodb.driver.cluster               : Exception in monitor thread while connecting to server mongo:27017

com.mongodb.MongoSocketException: mongo
	at com.mongodb.ServerAddress.getSocketAddress(ServerAddress.java:188)
	at com.mongodb.connection.SocketStreamHelper.initialize(SocketStreamHelper.java:57)
	at com.mongodb.connection.SocketStream.open(SocketStream.java:58)
	at com.mongodb.connection.InternalStreamConnection.open(InternalStreamConnection.java:115)
	at com.mongodb.connection.DefaultServerMonitor$ServerMonitorRunnable.run(DefaultServerMonitor.java:113)
	at java.lang.Thread.run(Thread.java:748)
Caused by: java.net.UnknownHostException: mongo
	at java.net.Inet6AddressImpl.lookupAllHostAddr(Native Method)
	at java.net.InetAddress$2.lookupAllHostAddr(InetAddress.java:928)
	at java.net.InetAddress.getAddressesFromNameService(InetAddress.java:1323)
	at java.net.InetAddress.getAllByName0(InetAddress.java:1276)
	at java.net.InetAddress.getAllByName(InetAddress.java:1192)
	at java.net.InetAddress.getAllByName(InetAddress.java:1126)
	at java.net.InetAddress.getByName(InetAddress.java:1076)
	at com.mongodb.ServerAddress.getSocketAddress(ServerAddress.java:186)
	... 5 common frames omitted

2018-03-12 14:52:17.109  INFO 2496 --- [main] org.openmhealth.shimmer.Application      : Starting Application on DESKTOP-93LEVSV with PID 2496 (C:\Users\alexa\Documents\Repos\shimmer\shim-server\build\classes\java\main started by alexa in C:\Users\alexa\Documents\Repos\shimmer\shim-server)
2018-03-12 14:52:17.115  INFO 2496 --- [main] org.openmhealth.shimmer.Application      : No active profile set, falling back to default profiles: default
2018-03-12 14:52:17.212  INFO 2496 --- [main] ationConfigEmbeddedWebApplicationContext : Refreshing org.springframework.boot.context.embedded.AnnotationConfigEmbeddedWebApplicationContext@4ec4f3a0: startup date [Mon Mar 12 14:52:17 CET 2018]; root of context hierarchy
2018-03-12 14:52:19.214  INFO 2496 --- [main] trationDelegate$BeanPostProcessorChecker : Bean 'validationConfiguration' of type [org.openmhealth.shimmer.common.configuration.ValidationConfiguration$$EnhancerBySpringCGLIB$$5224ff5e] is not eligible for getting processed by all BeanPostProcessors (for example: not eligible for auto-proxying)
2018-03-12 14:52:19.322  INFO 2496 --- [main] trationDelegate$BeanPostProcessorChecker : Bean 'localValidatorFactoryBean' of type [org.springframework.validation.beanvalidation.LocalValidatorFactoryBean] is not eligible for getting processed by all BeanPostProcessors (for example: not eligible for auto-proxying)
2018-03-12 14:52:19.611  INFO 2496 --- [main] org.eclipse.jetty.util.log               : Logging initialized @3742ms to org.eclipse.jetty.util.log.Slf4jLog
2018-03-12 14:52:19.980  INFO 2496 --- [main] e.j.JettyEmbeddedServletContainerFactory : Server initialized with port: 8083
2018-03-12 14:52:19.984  INFO 2496 --- [main] org.eclipse.jetty.server.Server          : jetty-9.4.6.v20170531
2018-03-12 14:52:20.149  INFO 2496 --- [main] org.eclipse.jetty.server.session         : DefaultSessionIdManager workerName=node0
2018-03-12 14:52:20.149  INFO 2496 --- [main] org.eclipse.jetty.server.session         : No SessionScavenger set, using defaults
2018-03-12 14:52:20.152  INFO 2496 --- [main] org.eclipse.jetty.server.session         : Scavenging every 660000ms
2018-03-12 14:52:20.160  INFO 2496 --- [main] o.e.j.s.h.ContextHandler.application     : Initializing Spring embedded WebApplicationContext
2018-03-12 14:52:20.161  INFO 2496 --- [main] o.s.web.context.ContextLoader            : Root WebApplicationContext: initialization completed in 2953 ms
2018-03-12 14:52:20.358  INFO 2496 --- [main] o.s.b.w.servlet.FilterRegistrationBean   : Mapping filter: 'characterEncodingFilter' to: [/*]
2018-03-12 14:52:20.359  INFO 2496 --- [main] o.s.b.w.servlet.FilterRegistrationBean   : Mapping filter: 'hiddenHttpMethodFilter' to: [/*]
2018-03-12 14:52:20.359  INFO 2496 --- [main] o.s.b.w.servlet.FilterRegistrationBean   : Mapping filter: 'httpPutFormContentFilter' to: [/*]
2018-03-12 14:52:20.360  INFO 2496 --- [main] o.s.b.w.servlet.FilterRegistrationBean   : Mapping filter: 'requestContextFilter' to: [/*]
2018-03-12 14:52:20.362  INFO 2496 --- [main] .s.DelegatingFilterProxyRegistrationBean : Mapping filter: 'springSecurityFilterChain' to: [/*]
2018-03-12 14:52:20.363  INFO 2496 --- [main] o.s.b.w.servlet.ServletRegistrationBean  : Mapping servlet: 'dispatcherServlet' to [/]
2018-03-12 14:52:20.378  INFO 2496 --- [main] o.e.jetty.server.handler.ContextHandler  : Started o.s.b.c.e.j.JettyEmbeddedWebAppContext@5246a3b3{/,[file:///C:/Users/alexa/AppData/Local/Temp/jetty-docbase.7861927711991740222.8083/],AVAILABLE}
2018-03-12 14:52:20.381  INFO 2496 --- [main] org.eclipse.jetty.server.Server          : Started @4513ms
2018-03-12 14:52:21.803  INFO 2496 --- [main] org.mongodb.driver.cluster               : Cluster created with settings {hosts=[omh:27017], mode=SINGLE, requiredClusterType=UNKNOWN, serverSelectionTimeout='30000 ms', maxWaitQueueSize=500}
2018-03-12 14:52:22.392  WARN 2496 --- [main] figurationPropertiesBindingPostProcessor : The @ConfigurationProperties bean class org.openmhealth.shim.ihealth.IHealthClientSettings contains validation constraints but had not been annotated with @Validated.
2018-03-12 14:52:22.393  WARN 2496 --- [main] figurationPropertiesBindingPostProcessor : The @ConfigurationProperties bean class org.openmhealth.shim.ihealth.IHealthClientSettings contains validation constraints but had not been annotated with @Validated.
2018-03-12 14:52:22.395  WARN 2496 --- [main] figurationPropertiesBindingPostProcessor : The @ConfigurationProperties bean class org.openmhealth.shim.ihealth.IHealthClientSettings contains validation constraints but had not been annotated with @Validated.
2018-03-12 14:52:22.858  INFO 2496 --- [main] b.a.s.AuthenticationManagerConfiguration : 

Using default security password: ccc6626f-4a5e-451f-91d9-9ab571269255

2018-03-12 14:52:23.063  INFO 2496 --- [main] o.s.s.web.DefaultSecurityFilterChain     : Creating filter chain: org.springframework.security.web.util.matcher.AnyRequestMatcher@1, [org.springframework.security.web.context.request.async.WebAsyncManagerIntegrationFilter@5af5d76f, org.springframework.security.web.context.SecurityContextPersistenceFilter@6042d663, org.springframework.security.web.header.HeaderWriterFilter@11c713b7, org.springframework.security.web.authentication.logout.LogoutFilter@536b71b4, org.springframework.security.web.savedrequest.RequestCacheAwareFilter@3e33b52e, org.springframework.security.web.servletapi.SecurityContextHolderAwareRequestFilter@38f981b6, org.springframework.security.web.authentication.AnonymousAuthenticationFilter@3a8cea24, org.springframework.security.web.session.SessionManagementFilter@4130a648, org.springframework.security.web.access.ExceptionTranslationFilter@21de60a7, org.springframework.security.web.access.intercept.FilterSecurityInterceptor@e3b0369]
2018-03-12 14:52:23.449  INFO 2496 --- [main] s.w.s.m.m.a.RequestMappingHandlerAdapter : Looking for @ControllerAdvice: org.springframework.boot.context.embedded.AnnotationConfigEmbeddedWebApplicationContext@4ec4f3a0: startup date [Mon Mar 12 14:52:17 CET 2018]; root of context hierarchy
2018-03-12 14:52:23.547  INFO 2496 --- [main] s.w.s.m.m.a.RequestMappingHandlerMapping : Mapped "{[/dataPoints],methods=[GET],produces=[application/json]}" onto public org.springframework.http.ResponseEntity<org.openmhealth.shimmer.common.domain.DataPointSearchResult> org.openmhealth.shimmer.common.controller.DataPointSearchController.findDataPoints(java.lang.String,java.lang.String,java.time.OffsetDateTime,java.time.OffsetDateTime,java.time.OffsetDateTime,java.time.OffsetDateTime,java.lang.String,java.lang.String,org.springframework.security.core.Authentication)
2018-03-12 14:52:23.551  INFO 2496 --- [main] s.w.s.m.m.a.RequestMappingHandlerMapping : Mapped "{[/authorizations],produces=[application/json]}" onto public java.util.List<java.util.Map<java.lang.String, java.lang.Object>> org.openmhealth.shimmer.common.controller.LegacyAuthorizationController.authorizations(java.lang.String) throws org.openmhealth.shim.ShimException
2018-03-12 14:52:23.554  INFO 2496 --- [main] s.w.s.m.m.a.RequestMappingHandlerMapping : Mapped "{[/authorize/{shim}/callback],methods=[POST || GET],produces=[application/json]}" onto public org.springframework.http.ResponseEntity<org.openmhealth.shim.AuthorizationResponse> org.openmhealth.shimmer.common.controller.LegacyAuthorizationController.processRedirect(java.lang.String,java.lang.String,javax.servlet.http.HttpServletRequest,javax.servlet.http.HttpServletResponse) throws org.openmhealth.shim.ShimException
2018-03-12 14:52:23.560  INFO 2496 --- [main] s.w.s.m.m.a.RequestMappingHandlerMapping : Mapped "{[/deauthorize/{shim}],methods=[DELETE],produces=[application/json]}" onto public org.springframework.http.ResponseEntity<?> org.openmhealth.shimmer.common.controller.LegacyAuthorizationController.removeAuthorization(java.lang.String,java.lang.String) throws org.openmhealth.shim.ShimException
2018-03-12 14:52:23.561  INFO 2496 --- [main] s.w.s.m.m.a.RequestMappingHandlerMapping : Mapped "{[/authorize/{shim}],produces=[application/json]}" onto public org.openmhealth.shim.AuthorizationRequestParameters org.openmhealth.shimmer.common.controller.LegacyAuthorizationController.initiateAuthorization(java.lang.String,java.lang.String,java.lang.String) throws org.openmhealth.shim.ShimException
2018-03-12 14:52:23.562  INFO 2496 --- [main] s.w.s.m.m.a.RequestMappingHandlerMapping : Mapped "{[/data/{shim}/{dataType}],produces=[application/json]}" onto public org.openmhealth.shim.ShimDataResponse org.openmhealth.shimmer.common.controller.LegacyDataPointSearchController.data(java.lang.String,java.lang.String,java.lang.String,boolean,java.lang.String,java.lang.String) throws org.openmhealth.shim.ShimException
2018-03-12 14:52:23.566  INFO 2496 --- [main] s.w.s.m.m.a.RequestMappingHandlerMapping : Mapped "{[/error]}" onto public org.springframework.http.ResponseEntity<java.util.Map<java.lang.String, java.lang.Object>> org.springframework.boot.autoconfigure.web.BasicErrorController.error(javax.servlet.http.HttpServletRequest)
2018-03-12 14:52:23.567  INFO 2496 --- [main] s.w.s.m.m.a.RequestMappingHandlerMapping : Mapped "{[/error],produces=[text/html]}" onto public org.springframework.web.servlet.ModelAndView org.springframework.boot.autoconfigure.web.BasicErrorController.errorHtml(javax.servlet.http.HttpServletRequest,javax.servlet.http.HttpServletResponse)
2018-03-12 14:52:23.613  INFO 2496 --- [main] o.s.w.s.handler.SimpleUrlHandlerMapping  : Mapped URL path [/webjars/**] onto handler of type [class org.springframework.web.servlet.resource.ResourceHttpRequestHandler]
2018-03-12 14:52:23.614  INFO 2496 --- [main] o.s.w.s.handler.SimpleUrlHandlerMapping  : Mapped URL path [/**] onto handler of type [class org.springframework.web.servlet.resource.ResourceHttpRequestHandler]
2018-03-12 14:52:23.695  INFO 2496 --- [main] o.s.w.s.handler.SimpleUrlHandlerMapping  : Mapped URL path [/**/favicon.ico] onto handler of type [class org.springframework.web.servlet.resource.ResourceHttpRequestHandler]
2018-03-12 14:52:24.068  INFO 2496 --- [main] o.s.j.e.a.AnnotationMBeanExporter        : Registering beans for JMX exposure on startup
2018-03-12 14:52:24.087  INFO 2496 --- [main] o.e.j.s.h.ContextHandler.application     : Initializing Spring FrameworkServlet 'dispatcherServlet'
2018-03-12 14:52:24.087  INFO 2496 --- [main] o.s.web.servlet.DispatcherServlet        : FrameworkServlet 'dispatcherServlet': initialization started
2018-03-12 14:52:24.110  INFO 2496 --- [main] o.s.web.servlet.DispatcherServlet        : FrameworkServlet 'dispatcherServlet': initialization completed in 23 ms
2018-03-12 14:52:24.153  INFO 2496 --- [main] o.e.jetty.server.AbstractConnector       : Started ServerConnector@ba354ca{HTTP/1.1,[http/1.1]}{0.0.0.0:8083}
2018-03-12 14:52:24.155  INFO 2496 --- [main] .s.b.c.e.j.JettyEmbeddedServletContainer : Jetty started on port(s) 8083 (http/1.1)
2018-03-12 14:52:24.167  INFO 2496 --- [cluster-ClusterId{value='5aa68615500fe109c06fe230', description='null'}-omh:27017] org.mongodb.driver.cluster               : Exception in monitor thread while connecting to server omh:27017

com.mongodb.MongoSocketException: omh
	at com.mongodb.ServerAddress.getSocketAddress(ServerAddress.java:188)
	at com.mongodb.connection.SocketStreamHelper.initialize(SocketStreamHelper.java:57)
	at com.mongodb.connection.SocketStream.open(SocketStream.java:58)
	at com.mongodb.connection.InternalStreamConnection.open(InternalStreamConnection.java:115)
	at com.mongodb.connection.DefaultServerMonitor$ServerMonitorRunnable.run(DefaultServerMonitor.java:113)
	at java.lang.Thread.run(Thread.java:748)
Caused by: java.net.UnknownHostException: omh
	at java.net.Inet6AddressImpl.lookupAllHostAddr(Native Method)
	at java.net.InetAddress$2.lookupAllHostAddr(InetAddress.java:928)
	at java.net.InetAddress.getAddressesFromNameService(InetAddress.java:1323)
	at java.net.InetAddress.getAllByName0(InetAddress.java:1276)
	at java.net.InetAddress.getAllByName(InetAddress.java:1192)
	at java.net.InetAddress.getAllByName(InetAddress.java:1126)
	at java.net.InetAddress.getByName(InetAddress.java:1076)
	at com.mongodb.ServerAddress.getSocketAddress(ServerAddress.java:186)
	... 5 common frames omitted

2018-03-12 14:52:24.169  INFO 2496 --- [main] org.openmhealth.shimmer.Application      : Started Application in 7.537 seconds (JVM running for 8.301)
2018-03-12 14:54:40.790  INFO 9652 --- [main] org.openmhealth.shimmer.Application      : Starting Application on DESKTOP-93LEVSV with PID 9652 (C:\Users\alexa\Documents\Repos\shimmer\shim-server\build\classes\java\main started by alexa in C:\Users\alexa\Documents\Repos\shimmer\shim-server)
2018-03-12 14:54:40.798  INFO 9652 --- [main] org.openmhealth.shimmer.Application      : No active profile set, falling back to default profiles: default
2018-03-12 14:54:40.964  INFO 9652 --- [main] ationConfigEmbeddedWebApplicationContext : Refreshing org.springframework.boot.context.embedded.AnnotationConfigEmbeddedWebApplicationContext@4ec4f3a0: startup date [Mon Mar 12 14:54:40 CET 2018]; root of context hierarchy
2018-03-12 14:54:43.527  INFO 9652 --- [main] trationDelegate$BeanPostProcessorChecker : Bean 'validationConfiguration' of type [org.openmhealth.shimmer.common.configuration.ValidationConfiguration$$EnhancerBySpringCGLIB$$d15b3f74] is not eligible for getting processed by all BeanPostProcessors (for example: not eligible for auto-proxying)
2018-03-12 14:54:43.678  INFO 9652 --- [main] trationDelegate$BeanPostProcessorChecker : Bean 'localValidatorFactoryBean' of type [org.springframework.validation.beanvalidation.LocalValidatorFactoryBean] is not eligible for getting processed by all BeanPostProcessors (for example: not eligible for auto-proxying)
2018-03-12 14:54:43.995  INFO 9652 --- [main] org.eclipse.jetty.util.log               : Logging initialized @7705ms to org.eclipse.jetty.util.log.Slf4jLog
2018-03-12 14:54:44.382  INFO 9652 --- [main] e.j.JettyEmbeddedServletContainerFactory : Server initialized with port: 8083
2018-03-12 14:54:44.387  INFO 9652 --- [main] org.eclipse.jetty.server.Server          : jetty-9.4.6.v20170531
2018-03-12 14:54:44.689  INFO 9652 --- [main] org.eclipse.jetty.server.session         : DefaultSessionIdManager workerName=node0
2018-03-12 14:54:44.690  INFO 9652 --- [main] org.eclipse.jetty.server.session         : No SessionScavenger set, using defaults
2018-03-12 14:54:44.697  INFO 9652 --- [main] org.eclipse.jetty.server.session         : Scavenging every 660000ms
2018-03-12 14:54:44.709  INFO 9652 --- [main] o.e.j.s.h.ContextHandler.application     : Initializing Spring embedded WebApplicationContext
2018-03-12 14:54:44.710  INFO 9652 --- [main] o.s.web.context.ContextLoader            : Root WebApplicationContext: initialization completed in 3753 ms
2018-03-12 14:54:44.980  INFO 9652 --- [main] o.s.b.w.servlet.FilterRegistrationBean   : Mapping filter: 'characterEncodingFilter' to: [/*]
2018-03-12 14:54:44.980  INFO 9652 --- [main] o.s.b.w.servlet.FilterRegistrationBean   : Mapping filter: 'hiddenHttpMethodFilter' to: [/*]
2018-03-12 14:54:44.980  INFO 9652 --- [main] o.s.b.w.servlet.FilterRegistrationBean   : Mapping filter: 'httpPutFormContentFilter' to: [/*]
2018-03-12 14:54:44.980  INFO 9652 --- [main] o.s.b.w.servlet.FilterRegistrationBean   : Mapping filter: 'requestContextFilter' to: [/*]
2018-03-12 14:54:44.987  INFO 9652 --- [main] .s.DelegatingFilterProxyRegistrationBean : Mapping filter: 'springSecurityFilterChain' to: [/*]
2018-03-12 14:54:44.988  INFO 9652 --- [main] o.s.b.w.servlet.ServletRegistrationBean  : Mapping servlet: 'dispatcherServlet' to [/]
2018-03-12 14:54:44.997  INFO 9652 --- [main] o.e.jetty.server.handler.ContextHandler  : Started o.s.b.c.e.j.JettyEmbeddedWebAppContext@2c43eb8{/,[file:///C:/Users/alexa/AppData/Local/Temp/jetty-docbase.8649665401236672889.8083/],AVAILABLE}
2018-03-12 14:54:44.998  INFO 9652 --- [main] org.eclipse.jetty.server.Server          : Started @8710ms
2018-03-12 14:54:47.741  INFO 9652 --- [main] org.mongodb.driver.cluster               : Cluster created with settings {hosts=[mongo:27017], mode=SINGLE, requiredClusterType=UNKNOWN, serverSelectionTimeout='30000 ms', maxWaitQueueSize=500}
2018-03-12 14:54:50.055  WARN 9652 --- [main] figurationPropertiesBindingPostProcessor : The @ConfigurationProperties bean class org.openmhealth.shim.ihealth.IHealthClientSettings contains validation constraints but had not been annotated with @Validated.
2018-03-12 14:54:50.057  WARN 9652 --- [main] figurationPropertiesBindingPostProcessor : The @ConfigurationProperties bean class org.openmhealth.shim.ihealth.IHealthClientSettings contains validation constraints but had not been annotated with @Validated.
2018-03-12 14:54:50.058  WARN 9652 --- [main] figurationPropertiesBindingPostProcessor : The @ConfigurationProperties bean class org.openmhealth.shim.ihealth.IHealthClientSettings contains validation constraints but had not been annotated with @Validated.
2018-03-12 14:54:50.605  INFO 9652 --- [main] b.a.s.AuthenticationManagerConfiguration : 

Using default security password: 3a72a6c1-637f-4e44-8498-cfc9308efde0

2018-03-12 14:54:50.828  INFO 9652 --- [main] o.s.s.web.DefaultSecurityFilterChain     : Creating filter chain: org.springframework.security.web.util.matcher.AnyRequestMatcher@1, [org.springframework.security.web.context.request.async.WebAsyncManagerIntegrationFilter@6588b715, org.springframework.security.web.context.SecurityContextPersistenceFilter@3c232051, org.springframework.security.web.header.HeaderWriterFilter@21ae657b, org.springframework.security.web.authentication.logout.LogoutFilter@64b70f41, org.springframework.security.web.savedrequest.RequestCacheAwareFilter@3ab35b9c, org.springframework.security.web.servletapi.SecurityContextHolderAwareRequestFilter@24043ec5, org.springframework.security.web.authentication.AnonymousAuthenticationFilter@15a3b42, org.springframework.security.web.session.SessionManagementFilter@11c713b7, org.springframework.security.web.access.ExceptionTranslationFilter@5ff6dd3c, org.springframework.security.web.access.intercept.FilterSecurityInterceptor@6b357eb6]
2018-03-12 14:54:51.227  INFO 9652 --- [main] s.w.s.m.m.a.RequestMappingHandlerAdapter : Looking for @ControllerAdvice: org.springframework.boot.context.embedded.AnnotationConfigEmbeddedWebApplicationContext@4ec4f3a0: startup date [Mon Mar 12 14:54:40 CET 2018]; root of context hierarchy
2018-03-12 14:54:51.357  INFO 9652 --- [main] s.w.s.m.m.a.RequestMappingHandlerMapping : Mapped "{[/dataPoints],methods=[GET],produces=[application/json]}" onto public org.springframework.http.ResponseEntity<org.openmhealth.shimmer.common.domain.DataPointSearchResult> org.openmhealth.shimmer.common.controller.DataPointSearchController.findDataPoints(java.lang.String,java.lang.String,java.time.OffsetDateTime,java.time.OffsetDateTime,java.time.OffsetDateTime,java.time.OffsetDateTime,java.lang.String,java.lang.String,org.springframework.security.core.Authentication)
2018-03-12 14:54:51.360  INFO 9652 --- [main] s.w.s.m.m.a.RequestMappingHandlerMapping : Mapped "{[/authorizations],produces=[application/json]}" onto public java.util.List<java.util.Map<java.lang.String, java.lang.Object>> org.openmhealth.shimmer.common.controller.LegacyAuthorizationController.authorizations(java.lang.String) throws org.openmhealth.shim.ShimException
2018-03-12 14:54:51.362  INFO 9652 --- [main] s.w.s.m.m.a.RequestMappingHandlerMapping : Mapped "{[/authorize/{shim}/callback],methods=[POST || GET],produces=[application/json]}" onto public org.springframework.http.ResponseEntity<org.openmhealth.shim.AuthorizationResponse> org.openmhealth.shimmer.common.controller.LegacyAuthorizationController.processRedirect(java.lang.String,java.lang.String,javax.servlet.http.HttpServletRequest,javax.servlet.http.HttpServletResponse) throws org.openmhealth.shim.ShimException
2018-03-12 14:54:51.363  INFO 9652 --- [main] s.w.s.m.m.a.RequestMappingHandlerMapping : Mapped "{[/authorize/{shim}],produces=[application/json]}" onto public org.openmhealth.shim.AuthorizationRequestParameters org.openmhealth.shimmer.common.controller.LegacyAuthorizationController.initiateAuthorization(java.lang.String,java.lang.String,java.lang.String) throws org.openmhealth.shim.ShimException
2018-03-12 14:54:51.364  INFO 9652 --- [main] s.w.s.m.m.a.RequestMappingHandlerMapping : Mapped "{[/deauthorize/{shim}],methods=[DELETE],produces=[application/json]}" onto public org.springframework.http.ResponseEntity<?> org.openmhealth.shimmer.common.controller.LegacyAuthorizationController.removeAuthorization(java.lang.String,java.lang.String) throws org.openmhealth.shim.ShimException
2018-03-12 14:54:51.366  INFO 9652 --- [main] s.w.s.m.m.a.RequestMappingHandlerMapping : Mapped "{[/data/{shim}/{dataType}],produces=[application/json]}" onto public org.openmhealth.shim.ShimDataResponse org.openmhealth.shimmer.common.controller.LegacyDataPointSearchController.data(java.lang.String,java.lang.String,java.lang.String,boolean,java.lang.String,java.lang.String) throws org.openmhealth.shim.ShimException
2018-03-12 14:54:51.370  INFO 9652 --- [main] s.w.s.m.m.a.RequestMappingHandlerMapping : Mapped "{[/error]}" onto public org.springframework.http.ResponseEntity<java.util.Map<java.lang.String, java.lang.Object>> org.springframework.boot.autoconfigure.web.BasicErrorController.error(javax.servlet.http.HttpServletRequest)
2018-03-12 14:54:51.371  INFO 9652 --- [main] s.w.s.m.m.a.RequestMappingHandlerMapping : Mapped "{[/error],produces=[text/html]}" onto public org.springframework.web.servlet.ModelAndView org.springframework.boot.autoconfigure.web.BasicErrorController.errorHtml(javax.servlet.http.HttpServletRequest,javax.servlet.http.HttpServletResponse)
2018-03-12 14:54:51.428  INFO 9652 --- [main] o.s.w.s.handler.SimpleUrlHandlerMapping  : Mapped URL path [/webjars/**] onto handler of type [class org.springframework.web.servlet.resource.ResourceHttpRequestHandler]
2018-03-12 14:54:51.429  INFO 9652 --- [main] o.s.w.s.handler.SimpleUrlHandlerMapping  : Mapped URL path [/**] onto handler of type [class org.springframework.web.servlet.resource.ResourceHttpRequestHandler]
2018-03-12 14:54:51.499  INFO 9652 --- [main] o.s.w.s.handler.SimpleUrlHandlerMapping  : Mapped URL path [/**/favicon.ico] onto handler of type [class org.springframework.web.servlet.resource.ResourceHttpRequestHandler]
2018-03-12 14:54:51.710  INFO 9652 --- [cluster-ClusterId{value='5aa686a6500fe125b4735725', description='null'}-mongo:27017] org.mongodb.driver.cluster               : Exception in monitor thread while connecting to server mongo:27017

com.mongodb.MongoSocketException: mongo
	at com.mongodb.ServerAddress.getSocketAddress(ServerAddress.java:188)
	at com.mongodb.connection.SocketStreamHelper.initialize(SocketStreamHelper.java:57)
	at com.mongodb.connection.SocketStream.open(SocketStream.java:58)
	at com.mongodb.connection.InternalStreamConnection.open(InternalStreamConnection.java:115)
	at com.mongodb.connection.DefaultServerMonitor$ServerMonitorRunnable.run(DefaultServerMonitor.java:113)
	at java.lang.Thread.run(Thread.java:748)
Caused by: java.net.UnknownHostException: mongo
	at java.net.Inet6AddressImpl.lookupAllHostAddr(Native Method)
	at java.net.InetAddress$2.lookupAllHostAddr(InetAddress.java:928)
	at java.net.InetAddress.getAddressesFromNameService(InetAddress.java:1323)
	at java.net.InetAddress.getAllByName0(InetAddress.java:1276)
	at java.net.InetAddress.getAllByName(InetAddress.java:1192)
	at java.net.InetAddress.getAllByName(InetAddress.java:1126)
	at java.net.InetAddress.getByName(InetAddress.java:1076)
	at com.mongodb.ServerAddress.getSocketAddress(ServerAddress.java:186)
	... 5 common frames omitted

2018-03-12 14:54:51.886  INFO 9652 --- [main] o.s.j.e.a.AnnotationMBeanExporter        : Registering beans for JMX exposure on startup
2018-03-12 14:54:51.923  INFO 9652 --- [main] o.e.j.s.h.ContextHandler.application     : Initializing Spring FrameworkServlet 'dispatcherServlet'
2018-03-12 14:54:51.923  INFO 9652 --- [main] o.s.web.servlet.DispatcherServlet        : FrameworkServlet 'dispatcherServlet': initialization started
2018-03-12 14:54:51.942  INFO 9652 --- [main] o.s.web.servlet.DispatcherServlet        : FrameworkServlet 'dispatcherServlet': initialization completed in 19 ms
2018-03-12 14:54:52.011  INFO 9652 --- [main] o.e.jetty.server.AbstractConnector       : Started ServerConnector@7d0cc890{HTTP/1.1,[http/1.1]}{0.0.0.0:8083}
2018-03-12 14:54:52.014  INFO 9652 --- [main] .s.b.c.e.j.JettyEmbeddedServletContainer : Jetty started on port(s) 8083 (http/1.1)
2018-03-12 14:54:52.021  INFO 9652 --- [main] org.openmhealth.shimmer.Application      : Started Application in 11.947 seconds (JVM running for 15.733)
2018-03-12 14:56:07.124  INFO 8208 --- [main] org.openmhealth.shimmer.Application      : Starting Application on DESKTOP-93LEVSV with PID 8208 (C:\Users\alexa\Documents\Repos\shimmer\shim-server\build\classes\java\main started by alexa in C:\Users\alexa\Documents\Repos\shimmer\shim-server)
2018-03-12 14:56:07.128  INFO 8208 --- [main] org.openmhealth.shimmer.Application      : No active profile set, falling back to default profiles: default
2018-03-12 14:56:07.231  INFO 8208 --- [main] ationConfigEmbeddedWebApplicationContext : Refreshing org.springframework.boot.context.embedded.AnnotationConfigEmbeddedWebApplicationContext@4ec4f3a0: startup date [Mon Mar 12 14:56:07 CET 2018]; root of context hierarchy
2018-03-12 14:56:09.448  INFO 8208 --- [main] trationDelegate$BeanPostProcessorChecker : Bean 'validationConfiguration' of type [org.openmhealth.shimmer.common.configuration.ValidationConfiguration$$EnhancerBySpringCGLIB$$df31140c] is not eligible for getting processed by all BeanPostProcessors (for example: not eligible for auto-proxying)
2018-03-12 14:56:09.564  INFO 8208 --- [main] trationDelegate$BeanPostProcessorChecker : Bean 'localValidatorFactoryBean' of type [org.springframework.validation.beanvalidation.LocalValidatorFactoryBean] is not eligible for getting processed by all BeanPostProcessors (for example: not eligible for auto-proxying)
2018-03-12 14:56:09.845  INFO 8208 --- [main] org.eclipse.jetty.util.log               : Logging initialized @3936ms to org.eclipse.jetty.util.log.Slf4jLog
2018-03-12 14:56:10.412  INFO 8208 --- [main] e.j.JettyEmbeddedServletContainerFactory : Server initialized with port: 8083
2018-03-12 14:56:10.422  INFO 8208 --- [main] org.eclipse.jetty.server.Server          : jetty-9.4.6.v20170531
2018-03-12 14:56:10.642  INFO 8208 --- [main] org.eclipse.jetty.server.session         : DefaultSessionIdManager workerName=node0
2018-03-12 14:56:10.642  INFO 8208 --- [main] org.eclipse.jetty.server.session         : No SessionScavenger set, using defaults
2018-03-12 14:56:10.646  INFO 8208 --- [main] org.eclipse.jetty.server.session         : Scavenging every 600000ms
2018-03-12 14:56:10.655  INFO 8208 --- [main] o.e.j.s.h.ContextHandler.application     : Initializing Spring embedded WebApplicationContext
2018-03-12 14:56:10.656  INFO 8208 --- [main] o.s.web.context.ContextLoader            : Root WebApplicationContext: initialization completed in 3430 ms
2018-03-12 14:56:10.915  INFO 8208 --- [main] o.s.b.w.servlet.FilterRegistrationBean   : Mapping filter: 'characterEncodingFilter' to: [/*]
2018-03-12 14:56:10.916  INFO 8208 --- [main] o.s.b.w.servlet.FilterRegistrationBean   : Mapping filter: 'hiddenHttpMethodFilter' to: [/*]
2018-03-12 14:56:10.916  INFO 8208 --- [main] o.s.b.w.servlet.FilterRegistrationBean   : Mapping filter: 'httpPutFormContentFilter' to: [/*]
2018-03-12 14:56:10.918  INFO 8208 --- [main] o.s.b.w.servlet.FilterRegistrationBean   : Mapping filter: 'requestContextFilter' to: [/*]
2018-03-12 14:56:10.921  INFO 8208 --- [main] .s.DelegatingFilterProxyRegistrationBean : Mapping filter: 'springSecurityFilterChain' to: [/*]
2018-03-12 14:56:10.922  INFO 8208 --- [main] o.s.b.w.servlet.ServletRegistrationBean  : Mapping servlet: 'dispatcherServlet' to [/]
2018-03-12 14:56:10.931  INFO 8208 --- [main] o.e.jetty.server.handler.ContextHandler  : Started o.s.b.c.e.j.JettyEmbeddedWebAppContext@507d20bb{/,[file:///C:/Users/alexa/AppData/Local/Temp/jetty-docbase.5536637334196853061.8083/],AVAILABLE}
2018-03-12 14:56:10.933  INFO 8208 --- [main] org.eclipse.jetty.server.Server          : Started @5025ms
2018-03-12 14:56:12.272  INFO 8208 --- [main] org.mongodb.driver.cluster               : Cluster created with settings {hosts=[':27017], mode=SINGLE, requiredClusterType=UNKNOWN, serverSelectionTimeout='30000 ms', maxWaitQueueSize=500}
2018-03-12 14:56:12.361  INFO 8208 --- [cluster-ClusterId{value='5aa686fc500fe12010e0197e', description='null'}-':27017] org.mongodb.driver.cluster               : Exception in monitor thread while connecting to server ':27017

com.mongodb.MongoSocketException: '
	at com.mongodb.ServerAddress.getSocketAddress(ServerAddress.java:188)
	at com.mongodb.connection.SocketStreamHelper.initialize(SocketStreamHelper.java:57)
	at com.mongodb.connection.SocketStream.open(SocketStream.java:58)
	at com.mongodb.connection.InternalStreamConnection.open(InternalStreamConnection.java:115)
	at com.mongodb.connection.DefaultServerMonitor$ServerMonitorRunnable.run(DefaultServerMonitor.java:113)
	at java.lang.Thread.run(Thread.java:748)
Caused by: java.net.UnknownHostException: '
	at java.net.Inet6AddressImpl.lookupAllHostAddr(Native Method)
	at java.net.InetAddress$2.lookupAllHostAddr(InetAddress.java:928)
	at java.net.InetAddress.getAddressesFromNameService(InetAddress.java:1323)
	at java.net.InetAddress.getAllByName0(InetAddress.java:1276)
	at java.net.InetAddress.getAllByName(InetAddress.java:1192)
	at java.net.InetAddress.getAllByName(InetAddress.java:1126)
	at java.net.InetAddress.getByName(InetAddress.java:1076)
	at com.mongodb.ServerAddress.getSocketAddress(ServerAddress.java:186)
	... 5 common frames omitted

2018-03-12 14:56:12.950  WARN 8208 --- [main] figurationPropertiesBindingPostProcessor : The @ConfigurationProperties bean class org.openmhealth.shim.ihealth.IHealthClientSettings contains validation constraints but had not been annotated with @Validated.
2018-03-12 14:56:12.951  WARN 8208 --- [main] figurationPropertiesBindingPostProcessor : The @ConfigurationProperties bean class org.openmhealth.shim.ihealth.IHealthClientSettings contains validation constraints but had not been annotated with @Validated.
2018-03-12 14:56:12.952  WARN 8208 --- [main] figurationPropertiesBindingPostProcessor : The @ConfigurationProperties bean class org.openmhealth.shim.ihealth.IHealthClientSettings contains validation constraints but had not been annotated with @Validated.
2018-03-12 14:56:13.405  INFO 8208 --- [main] b.a.s.AuthenticationManagerConfiguration : 

Using default security password: 90d91e98-4401-4c83-b605-c02e585c2cf9

2018-03-12 14:56:13.609  INFO 8208 --- [main] o.s.s.web.DefaultSecurityFilterChain     : Creating filter chain: org.springframework.security.web.util.matcher.AnyRequestMatcher@1, [org.springframework.security.web.context.request.async.WebAsyncManagerIntegrationFilter@e3b0369, org.springframework.security.web.context.SecurityContextPersistenceFilter@28157173, org.springframework.security.web.header.HeaderWriterFilter@5fcd1f0a, org.springframework.security.web.authentication.logout.LogoutFilter@7bbfc5ff, org.springframework.security.web.savedrequest.RequestCacheAwareFilter@2251b3bc, org.springframework.security.web.servletapi.SecurityContextHolderAwareRequestFilter@4130a648, org.springframework.security.web.authentication.AnonymousAuthenticationFilter@45843650, org.springframework.security.web.session.SessionManagementFilter@73894c5a, org.springframework.security.web.access.ExceptionTranslationFilter@4c302f38, org.springframework.security.web.access.intercept.FilterSecurityInterceptor@fd413fb]
2018-03-12 14:56:14.008  INFO 8208 --- [main] s.w.s.m.m.a.RequestMappingHandlerAdapter : Looking for @ControllerAdvice: org.springframework.boot.context.embedded.AnnotationConfigEmbeddedWebApplicationContext@4ec4f3a0: startup date [Mon Mar 12 14:56:07 CET 2018]; root of context hierarchy
2018-03-12 14:56:14.105  INFO 8208 --- [main] s.w.s.m.m.a.RequestMappingHandlerMapping : Mapped "{[/dataPoints],methods=[GET],produces=[application/json]}" onto public org.springframework.http.ResponseEntity<org.openmhealth.shimmer.common.domain.DataPointSearchResult> org.openmhealth.shimmer.common.controller.DataPointSearchController.findDataPoints(java.lang.String,java.lang.String,java.time.OffsetDateTime,java.time.OffsetDateTime,java.time.OffsetDateTime,java.time.OffsetDateTime,java.lang.String,java.lang.String,org.springframework.security.core.Authentication)
2018-03-12 14:56:14.107  INFO 8208 --- [main] s.w.s.m.m.a.RequestMappingHandlerMapping : Mapped "{[/deauthorize/{shim}],methods=[DELETE],produces=[application/json]}" onto public org.springframework.http.ResponseEntity<?> org.openmhealth.shimmer.common.controller.LegacyAuthorizationController.removeAuthorization(java.lang.String,java.lang.String) throws org.openmhealth.shim.ShimException
2018-03-12 14:56:14.107  INFO 8208 --- [main] s.w.s.m.m.a.RequestMappingHandlerMapping : Mapped "{[/authorize/{shim}],produces=[application/json]}" onto public org.openmhealth.shim.AuthorizationRequestParameters org.openmhealth.shimmer.common.controller.LegacyAuthorizationController.initiateAuthorization(java.lang.String,java.lang.String,java.lang.String) throws org.openmhealth.shim.ShimException
2018-03-12 14:56:14.108  INFO 8208 --- [main] s.w.s.m.m.a.RequestMappingHandlerMapping : Mapped "{[/authorize/{shim}/callback],methods=[POST || GET],produces=[application/json]}" onto public org.springframework.http.ResponseEntity<org.openmhealth.shim.AuthorizationResponse> org.openmhealth.shimmer.common.controller.LegacyAuthorizationController.processRedirect(java.lang.String,java.lang.String,javax.servlet.http.HttpServletRequest,javax.servlet.http.HttpServletResponse) throws org.openmhealth.shim.ShimException
2018-03-12 14:56:14.109  INFO 8208 --- [main] s.w.s.m.m.a.RequestMappingHandlerMapping : Mapped "{[/authorizations],produces=[application/json]}" onto public java.util.List<java.util.Map<java.lang.String, java.lang.Object>> org.openmhealth.shimmer.common.controller.LegacyAuthorizationController.authorizations(java.lang.String) throws org.openmhealth.shim.ShimException
2018-03-12 14:56:14.110  INFO 8208 --- [main] s.w.s.m.m.a.RequestMappingHandlerMapping : Mapped "{[/data/{shim}/{dataType}],produces=[application/json]}" onto public org.openmhealth.shim.ShimDataResponse org.openmhealth.shimmer.common.controller.LegacyDataPointSearchController.data(java.lang.String,java.lang.String,java.lang.String,boolean,java.lang.String,java.lang.String) throws org.openmhealth.shim.ShimException
2018-03-12 14:56:14.114  INFO 8208 --- [main] s.w.s.m.m.a.RequestMappingHandlerMapping : Mapped "{[/error]}" onto public org.springframework.http.ResponseEntity<java.util.Map<java.lang.String, java.lang.Object>> org.springframework.boot.autoconfigure.web.BasicErrorController.error(javax.servlet.http.HttpServletRequest)
2018-03-12 14:56:14.116  INFO 8208 --- [main] s.w.s.m.m.a.RequestMappingHandlerMapping : Mapped "{[/error],produces=[text/html]}" onto public org.springframework.web.servlet.ModelAndView org.springframework.boot.autoconfigure.web.BasicErrorController.errorHtml(javax.servlet.http.HttpServletRequest,javax.servlet.http.HttpServletResponse)
2018-03-12 14:56:14.164  INFO 8208 --- [main] o.s.w.s.handler.SimpleUrlHandlerMapping  : Mapped URL path [/webjars/**] onto handler of type [class org.springframework.web.servlet.resource.ResourceHttpRequestHandler]
2018-03-12 14:56:14.164  INFO 8208 --- [main] o.s.w.s.handler.SimpleUrlHandlerMapping  : Mapped URL path [/**] onto handler of type [class org.springframework.web.servlet.resource.ResourceHttpRequestHandler]
2018-03-12 14:56:14.265  INFO 8208 --- [main] o.s.w.s.handler.SimpleUrlHandlerMapping  : Mapped URL path [/**/favicon.ico] onto handler of type [class org.springframework.web.servlet.resource.ResourceHttpRequestHandler]
2018-03-12 14:56:14.579  INFO 8208 --- [main] o.s.j.e.a.AnnotationMBeanExporter        : Registering beans for JMX exposure on startup
2018-03-12 14:56:14.601  INFO 8208 --- [main] o.e.j.s.h.ContextHandler.application     : Initializing Spring FrameworkServlet 'dispatcherServlet'
2018-03-12 14:56:14.601  INFO 8208 --- [main] o.s.web.servlet.DispatcherServlet        : FrameworkServlet 'dispatcherServlet': initialization started
2018-03-12 14:56:14.621  INFO 8208 --- [main] o.s.web.servlet.DispatcherServlet        : FrameworkServlet 'dispatcherServlet': initialization completed in 19 ms
2018-03-12 14:56:14.662  INFO 8208 --- [main] o.e.jetty.server.AbstractConnector       : Started ServerConnector@9fec931{HTTP/1.1,[http/1.1]}{0.0.0.0:8083}
2018-03-12 14:56:14.663  INFO 8208 --- [main] .s.b.c.e.j.JettyEmbeddedServletContainer : Jetty started on port(s) 8083 (http/1.1)
2018-03-12 14:56:14.669  INFO 8208 --- [main] org.openmhealth.shimmer.Application      : Started Application in 8.024 seconds (JVM running for 8.762)
2018-04-06 12:48:42.800  INFO 8116 --- [main] org.openmhealth.shimmer.Application      : Starting Application on DESKTOP-93LEVSV with PID 8116 (C:\Users\alexa\Documents\Repos\shimmer\shim-server\build\classes\java\main started by alexa in C:\Users\alexa\Documents\Repos\shimmer\shim-server)
2018-04-06 12:48:42.804  INFO 8116 --- [main] org.openmhealth.shimmer.Application      : No active profile set, falling back to default profiles: default
2018-04-06 12:48:42.957  INFO 8116 --- [main] ationConfigEmbeddedWebApplicationContext : Refreshing org.springframework.boot.context.embedded.AnnotationConfigEmbeddedWebApplicationContext@4ec4f3a0: startup date [Fri Apr 06 12:48:42 CEST 2018]; root of context hierarchy
2018-04-06 12:48:45.167  INFO 8116 --- [main] trationDelegate$BeanPostProcessorChecker : Bean 'validationConfiguration' of type [org.openmhealth.shimmer.common.configuration.ValidationConfiguration$$EnhancerBySpringCGLIB$$d15b3f74] is not eligible for getting processed by all BeanPostProcessors (for example: not eligible for auto-proxying)
2018-04-06 12:48:45.303  INFO 8116 --- [main] trationDelegate$BeanPostProcessorChecker : Bean 'localValidatorFactoryBean' of type [org.springframework.validation.beanvalidation.LocalValidatorFactoryBean] is not eligible for getting processed by all BeanPostProcessors (for example: not eligible for auto-proxying)
2018-04-06 12:48:45.592  INFO 8116 --- [main] org.eclipse.jetty.util.log               : Logging initialized @6823ms to org.eclipse.jetty.util.log.Slf4jLog
2018-04-06 12:48:46.119  INFO 8116 --- [main] e.j.JettyEmbeddedServletContainerFactory : Server initialized with port: 8083
2018-04-06 12:48:46.125  INFO 8116 --- [main] org.eclipse.jetty.server.Server          : jetty-9.4.6.v20170531
2018-04-06 12:48:46.313  INFO 8116 --- [main] org.eclipse.jetty.server.session         : DefaultSessionIdManager workerName=node0
2018-04-06 12:48:46.313  INFO 8116 --- [main] org.eclipse.jetty.server.session         : No SessionScavenger set, using defaults
2018-04-06 12:48:46.319  INFO 8116 --- [main] org.eclipse.jetty.server.session         : Scavenging every 600000ms
2018-04-06 12:48:46.327  INFO 8116 --- [main] o.e.j.s.h.ContextHandler.application     : Initializing Spring embedded WebApplicationContext
2018-04-06 12:48:46.329  INFO 8116 --- [main] o.s.web.context.ContextLoader            : Root WebApplicationContext: initialization completed in 3375 ms
2018-04-06 12:48:46.638  INFO 8116 --- [main] o.s.b.w.servlet.FilterRegistrationBean   : Mapping filter: 'characterEncodingFilter' to: [/*]
2018-04-06 12:48:46.642  INFO 8116 --- [main] o.s.b.w.servlet.FilterRegistrationBean   : Mapping filter: 'hiddenHttpMethodFilter' to: [/*]
2018-04-06 12:48:46.643  INFO 8116 --- [main] o.s.b.w.servlet.FilterRegistrationBean   : Mapping filter: 'httpPutFormContentFilter' to: [/*]
2018-04-06 12:48:46.646  INFO 8116 --- [main] o.s.b.w.servlet.FilterRegistrationBean   : Mapping filter: 'requestContextFilter' to: [/*]
2018-04-06 12:48:46.649  INFO 8116 --- [main] .s.DelegatingFilterProxyRegistrationBean : Mapping filter: 'springSecurityFilterChain' to: [/*]
2018-04-06 12:48:46.650  INFO 8116 --- [main] o.s.b.w.servlet.ServletRegistrationBean  : Mapping servlet: 'dispatcherServlet' to [/]
2018-04-06 12:48:46.661  INFO 8116 --- [main] o.e.jetty.server.handler.ContextHandler  : Started o.s.b.c.e.j.JettyEmbeddedWebAppContext@2c43eb8{/,[file:///C:/Users/alexa/AppData/Local/Temp/jetty-docbase.1477570092914335496.8083/],AVAILABLE}
2018-04-06 12:48:46.677  INFO 8116 --- [main] org.eclipse.jetty.server.Server          : Started @7911ms
2018-04-06 12:48:48.091  INFO 8116 --- [main] org.mongodb.driver.cluster               : Cluster created with settings {hosts=[mongo:27017], mode=SINGLE, requiredClusterType=UNKNOWN, serverSelectionTimeout='30000 ms', maxWaitQueueSize=500}
2018-04-06 12:48:48.705  WARN 8116 --- [main] figurationPropertiesBindingPostProcessor : The @ConfigurationProperties bean class org.openmhealth.shim.ihealth.IHealthClientSettings contains validation constraints but had not been annotated with @Validated.
2018-04-06 12:48:48.706  WARN 8116 --- [main] figurationPropertiesBindingPostProcessor : The @ConfigurationProperties bean class org.openmhealth.shim.ihealth.IHealthClientSettings contains validation constraints but had not been annotated with @Validated.
2018-04-06 12:48:48.710  WARN 8116 --- [main] figurationPropertiesBindingPostProcessor : The @ConfigurationProperties bean class org.openmhealth.shim.ihealth.IHealthClientSettings contains validation constraints but had not been annotated with @Validated.
2018-04-06 12:48:49.154  INFO 8116 --- [main] b.a.s.AuthenticationManagerConfiguration : 

Using default security password: 29dd8283-52ab-490e-83e1-0d15b5239a8f

2018-04-06 12:48:49.366  INFO 8116 --- [main] o.s.s.web.DefaultSecurityFilterChain     : Creating filter chain: org.springframework.security.web.util.matcher.AnyRequestMatcher@1, [org.springframework.security.web.context.request.async.WebAsyncManagerIntegrationFilter@6588b715, org.springframework.security.web.context.SecurityContextPersistenceFilter@3c232051, org.springframework.security.web.header.HeaderWriterFilter@21ae657b, org.springframework.security.web.authentication.logout.LogoutFilter@64b70f41, org.springframework.security.web.savedrequest.RequestCacheAwareFilter@3ab35b9c, org.springframework.security.web.servletapi.SecurityContextHolderAwareRequestFilter@24043ec5, org.springframework.security.web.authentication.AnonymousAuthenticationFilter@15a3b42, org.springframework.security.web.session.SessionManagementFilter@11c713b7, org.springframework.security.web.access.ExceptionTranslationFilter@5ff6dd3c, org.springframework.security.web.access.intercept.FilterSecurityInterceptor@6b357eb6]
2018-04-06 12:48:49.812  INFO 8116 --- [main] s.w.s.m.m.a.RequestMappingHandlerAdapter : Looking for @ControllerAdvice: org.springframework.boot.context.embedded.AnnotationConfigEmbeddedWebApplicationContext@4ec4f3a0: startup date [Fri Apr 06 12:48:42 CEST 2018]; root of context hierarchy
2018-04-06 12:48:49.939  INFO 8116 --- [main] s.w.s.m.m.a.RequestMappingHandlerMapping : Mapped "{[/dataPoints],methods=[GET],produces=[application/json]}" onto public org.springframework.http.ResponseEntity<org.openmhealth.shimmer.common.domain.DataPointSearchResult> org.openmhealth.shimmer.common.controller.DataPointSearchController.findDataPoints(java.lang.String,java.lang.String,java.time.OffsetDateTime,java.time.OffsetDateTime,java.time.OffsetDateTime,java.time.OffsetDateTime,java.lang.String,java.lang.String,org.springframework.security.core.Authentication)
2018-04-06 12:48:49.941  INFO 8116 --- [main] s.w.s.m.m.a.RequestMappingHandlerMapping : Mapped "{[/authorize/{shim}],produces=[application/json]}" onto public org.openmhealth.shim.AuthorizationRequestParameters org.openmhealth.shimmer.common.controller.LegacyAuthorizationController.initiateAuthorization(java.lang.String,java.lang.String,java.lang.String) throws org.openmhealth.shim.ShimException
2018-04-06 12:48:49.945  INFO 8116 --- [main] s.w.s.m.m.a.RequestMappingHandlerMapping : Mapped "{[/deauthorize/{shim}],methods=[DELETE],produces=[application/json]}" onto public org.springframework.http.ResponseEntity<?> org.openmhealth.shimmer.common.controller.LegacyAuthorizationController.removeAuthorization(java.lang.String,java.lang.String) throws org.openmhealth.shim.ShimException
2018-04-06 12:48:49.946  INFO 8116 --- [main] s.w.s.m.m.a.RequestMappingHandlerMapping : Mapped "{[/authorizations],produces=[application/json]}" onto public java.util.List<java.util.Map<java.lang.String, java.lang.Object>> org.openmhealth.shimmer.common.controller.LegacyAuthorizationController.authorizations(java.lang.String) throws org.openmhealth.shim.ShimException
2018-04-06 12:48:49.948  INFO 8116 --- [main] s.w.s.m.m.a.RequestMappingHandlerMapping : Mapped "{[/authorize/{shim}/callback],methods=[POST || GET],produces=[application/json]}" onto public org.springframework.http.ResponseEntity<org.openmhealth.shim.AuthorizationResponse> org.openmhealth.shimmer.common.controller.LegacyAuthorizationController.processRedirect(java.lang.String,java.lang.String,javax.servlet.http.HttpServletRequest,javax.servlet.http.HttpServletResponse) throws org.openmhealth.shim.ShimException
2018-04-06 12:48:49.950  INFO 8116 --- [main] s.w.s.m.m.a.RequestMappingHandlerMapping : Mapped "{[/data/{shim}/{dataType}],produces=[application/json]}" onto public org.openmhealth.shim.ShimDataResponse org.openmhealth.shimmer.common.controller.LegacyDataPointSearchController.data(java.lang.String,java.lang.String,java.lang.String,boolean,java.lang.String,java.lang.String) throws org.openmhealth.shim.ShimException
2018-04-06 12:48:49.954  INFO 8116 --- [main] s.w.s.m.m.a.RequestMappingHandlerMapping : Mapped "{[/error]}" onto public org.springframework.http.ResponseEntity<java.util.Map<java.lang.String, java.lang.Object>> org.springframework.boot.autoconfigure.web.BasicErrorController.error(javax.servlet.http.HttpServletRequest)
2018-04-06 12:48:49.955  INFO 8116 --- [main] s.w.s.m.m.a.RequestMappingHandlerMapping : Mapped "{[/error],produces=[text/html]}" onto public org.springframework.web.servlet.ModelAndView org.springframework.boot.autoconfigure.web.BasicErrorController.errorHtml(javax.servlet.http.HttpServletRequest,javax.servlet.http.HttpServletResponse)
2018-04-06 12:48:49.993  INFO 8116 --- [main] o.s.w.s.handler.SimpleUrlHandlerMapping  : Mapped URL path [/webjars/**] onto handler of type [class org.springframework.web.servlet.resource.ResourceHttpRequestHandler]
2018-04-06 12:48:49.994  INFO 8116 --- [main] o.s.w.s.handler.SimpleUrlHandlerMapping  : Mapped URL path [/**] onto handler of type [class org.springframework.web.servlet.resource.ResourceHttpRequestHandler]
2018-04-06 12:48:50.066  INFO 8116 --- [main] o.s.w.s.handler.SimpleUrlHandlerMapping  : Mapped URL path [/**/favicon.ico] onto handler of type [class org.springframework.web.servlet.resource.ResourceHttpRequestHandler]
2018-04-06 12:48:50.341  INFO 8116 --- [main] o.s.j.e.a.AnnotationMBeanExporter        : Registering beans for JMX exposure on startup
2018-04-06 12:48:50.370  INFO 8116 --- [main] o.e.j.s.h.ContextHandler.application     : Initializing Spring FrameworkServlet 'dispatcherServlet'
2018-04-06 12:48:50.370  INFO 8116 --- [main] o.s.web.servlet.DispatcherServlet        : FrameworkServlet 'dispatcherServlet': initialization started
2018-04-06 12:48:50.390  INFO 8116 --- [main] o.s.web.servlet.DispatcherServlet        : FrameworkServlet 'dispatcherServlet': initialization completed in 19 ms
2018-04-06 12:48:50.436  INFO 8116 --- [main] o.e.jetty.server.AbstractConnector       : Started ServerConnector@7d0cc890{HTTP/1.1,[http/1.1]}{0.0.0.0:8083}
2018-04-06 12:48:50.437  INFO 8116 --- [main] .s.b.c.e.j.JettyEmbeddedServletContainer : Jetty started on port(s) 8083 (http/1.1)
2018-04-06 12:48:50.445  INFO 8116 --- [main] org.openmhealth.shimmer.Application      : Started Application in 8.185 seconds (JVM running for 11.679)
2018-04-06 12:48:50.456  INFO 8116 --- [cluster-ClusterId{value='5ac750907878711fb4776abc', description='null'}-mongo:27017] org.mongodb.driver.cluster               : Exception in monitor thread while connecting to server mongo:27017

com.mongodb.MongoSocketException: mongo
	at com.mongodb.ServerAddress.getSocketAddress(ServerAddress.java:188)
	at com.mongodb.connection.SocketStreamHelper.initialize(SocketStreamHelper.java:57)
	at com.mongodb.connection.SocketStream.open(SocketStream.java:58)
	at com.mongodb.connection.InternalStreamConnection.open(InternalStreamConnection.java:115)
	at com.mongodb.connection.DefaultServerMonitor$ServerMonitorRunnable.run(DefaultServerMonitor.java:113)
	at java.lang.Thread.run(Thread.java:748)
Caused by: java.net.UnknownHostException: mongo
	at java.net.Inet6AddressImpl.lookupAllHostAddr(Native Method)
	at java.net.InetAddress$2.lookupAllHostAddr(InetAddress.java:928)
	at java.net.InetAddress.getAddressesFromNameService(InetAddress.java:1323)
	at java.net.InetAddress.getAllByName0(InetAddress.java:1276)
	at java.net.InetAddress.getAllByName(InetAddress.java:1192)
	at java.net.InetAddress.getAllByName(InetAddress.java:1126)
	at java.net.InetAddress.getByName(InetAddress.java:1076)
	at com.mongodb.ServerAddress.getSocketAddress(ServerAddress.java:186)
	... 5 common frames omitted

